{
  "stats": {
    "suites": 2,
    "tests": 1,
    "passes": 1,
    "pending": 0,
    "failures": 0,
    "start": "2022-10-20T02:00:26.583Z",
    "end": "2022-10-20T02:00:26.612Z",
    "duration": 29,
    "testsRegistered": 1,
    "passPercent": 100,
    "pendingPercent": 0,
    "other": 0,
    "hasOther": false,
    "skipped": 0,
    "hasSkipped": false
  },
  "results": [
    {
      "uuid": "6d31309b-8bdf-485c-80fb-c1cef0293dc2",
      "title": "",
      "fullFile": "C:\\Users\\LENOVO\\Desktop\\se2 project\\backend\\test\\testWaitingTime.js",
      "file": "\\test\\testWaitingTime.js",
      "beforeHooks": [],
      "afterHooks": [],
      "tests": [],
      "suites": [
        {
          "uuid": "58b9acba-af43-4e06-9e87-fa335d44c7ae",
          "title": "Test services API",
          "fullFile": "C:\\Users\\LENOVO\\Desktop\\se2 project\\backend\\test\\testWaitingTime.js",
          "file": "\\test\\testWaitingTime.js",
          "beforeHooks": [],
          "afterHooks": [],
          "tests": [],
          "suites": [
            {
              "uuid": "d4a07bf0-7fb9-4bd2-bacd-aa72e7de6957",
              "title": " get /api/counters",
              "fullFile": "C:\\Users\\LENOVO\\Desktop\\se2 project\\backend\\test\\testWaitingTime.js",
              "file": "\\test\\testWaitingTime.js",
              "beforeHooks": [],
              "afterHooks": [],
              "tests": [
                {
                  "title": "list all counters",
                  "fullTitle": "Test services API  get /api/counters list all counters",
                  "timedOut": false,
                  "duration": 22,
                  "state": "passed",
                  "speed": "fast",
                  "pass": true,
                  "fail": false,
                  "pending": false,
                  "context": null,
                  "code": "agent.get('/api/counters')\n    .then(function(res) { \n        res.should.have.status(expCode);\n        res.body.should.be.a('array');\n        res.body.length.should.be.eql(size);\n        done();\n    }).catch(err => done(err));",
                  "err": {},
                  "uuid": "91ffc859-f763-4ca2-a358-d7cc884f1c1d",
                  "parentUUID": "d4a07bf0-7fb9-4bd2-bacd-aa72e7de6957",
                  "isHook": false,
                  "skipped": false
                }
              ],
              "suites": [],
              "passes": [
                "91ffc859-f763-4ca2-a358-d7cc884f1c1d"
              ],
              "failures": [],
              "pending": [],
              "skipped": [],
              "duration": 22,
              "root": false,
              "rootEmpty": false,
              "_timeout": 10000
            }
          ],
          "passes": [],
          "failures": [],
          "pending": [],
          "skipped": [],
          "duration": 0,
          "root": false,
          "rootEmpty": false,
          "_timeout": 10000
        }
      ],
      "passes": [],
      "failures": [],
      "pending": [],
      "skipped": [],
      "duration": 0,
      "root": true,
      "rootEmpty": true,
      "_timeout": 10000
    }
  ],
  "meta": {
    "mocha": {
      "version": "10.1.0"
    },
    "mochawesome": {
      "options": {
        "quiet": false,
        "reportFilename": "mochawesome",
        "saveHtml": true,
        "saveJson": true,
        "consoleReporter": "spec",
        "useInlineDiffs": false,
        "code": true
      },
      "version": "7.1.3"
    },
    "marge": {
      "options": null,
      "version": "6.2.0"
    }
  }
}