{
  "stats": {
    "suites": 3,
    "tests": 2,
    "passes": 2,
    "pending": 0,
    "failures": 0,
    "start": "2022-10-19T20:54:37.182Z",
    "end": "2022-10-19T20:54:37.226Z",
    "duration": 44,
    "testsRegistered": 2,
    "passPercent": 100,
    "pendingPercent": 0,
    "other": 0,
    "hasOther": false,
    "skipped": 0,
    "hasSkipped": false
  },
  "results": [
    {
      "uuid": "fb04c231-c5f7-4fbb-8e45-5eb34b0c5bc9",
      "title": "",
      "fullFile": "C:\\Users\\LENOVO\\Desktop\\se2 project(officer)\\backend\\test\\testOfficer.js",
      "file": "\\test\\testOfficer.js",
      "beforeHooks": [],
      "afterHooks": [],
      "tests": [],
      "suites": [
        {
          "uuid": "07670865-7f6c-4396-ac38-970c1112e680",
          "title": "Test services API",
          "fullFile": "C:\\Users\\LENOVO\\Desktop\\se2 project(officer)\\backend\\test\\testOfficer.js",
          "file": "\\test\\testOfficer.js",
          "beforeHooks": [],
          "afterHooks": [],
          "tests": [],
          "suites": [
            {
              "uuid": "088892f7-ce6e-4767-ab83-1990a5c40391",
              "title": " get /api/services",
              "fullFile": "C:\\Users\\LENOVO\\Desktop\\se2 project(officer)\\backend\\test\\testOfficer.js",
              "file": "\\test\\testOfficer.js",
              "beforeHooks": [],
              "afterHooks": [],
              "tests": [
                {
                  "title": "list all services",
                  "fullTitle": "Test services API  get /api/services list all services",
                  "timedOut": false,
                  "duration": 28,
                  "state": "passed",
                  "speed": "fast",
                  "pass": true,
                  "fail": false,
                  "pending": false,
                  "context": null,
                  "code": "agent.get('/api/services')\n    .then(function(res) { \n        res.should.have.status(expCode);\n        res.body.should.be.a('array');\n        res.body.length.should.be.eql(size);\n        done();\n    }).catch(err => done(err));",
                  "err": {},
                  "uuid": "8b02c411-9440-4362-81ce-c818f32f8eab",
                  "parentUUID": "088892f7-ce6e-4767-ab83-1990a5c40391",
                  "isHook": false,
                  "skipped": false
                }
              ],
              "suites": [],
              "passes": [
                "8b02c411-9440-4362-81ce-c818f32f8eab"
              ],
              "failures": [],
              "pending": [],
              "skipped": [],
              "duration": 28,
              "root": false,
              "rootEmpty": false,
              "_timeout": 10000
            },
            {
              "uuid": "f04c2b04-3cd4-4056-b878-5bcc6bf696c3",
              "title": " get/api/next_service/:counter_id",
              "fullFile": "C:\\Users\\LENOVO\\Desktop\\se2 project(officer)\\backend\\test\\testOfficer.js",
              "file": "\\test\\testOfficer.js",
              "beforeHooks": [],
              "afterHooks": [],
              "tests": [
                {
                  "title": "list all services",
                  "fullTitle": "Test services API  get/api/next_service/:counter_id list all services",
                  "timedOut": false,
                  "duration": 7,
                  "state": "passed",
                  "speed": "fast",
                  "pass": true,
                  "fail": false,
                  "pending": false,
                  "context": null,
                  "code": "agent.get('/api/next_service/:counter_id')\n    .then(function(res) { \n        res.should.have.status(expCode);\n        res.body.should.be.a('array');\n        res.body.length.should.be.eql(size);\n        done();\n    }).catch(err => done(err));",
                  "err": {},
                  "uuid": "61f3db83-21b5-4e1e-bf61-248357c64c95",
                  "parentUUID": "f04c2b04-3cd4-4056-b878-5bcc6bf696c3",
                  "isHook": false,
                  "skipped": false
                }
              ],
              "suites": [],
              "passes": [
                "61f3db83-21b5-4e1e-bf61-248357c64c95"
              ],
              "failures": [],
              "pending": [],
              "skipped": [],
              "duration": 7,
              "root": false,
              "rootEmpty": false,
              "_timeout": 10000
            }
          ],
          "passes": [],
          "failures": [],
          "pending": [],
          "skipped": [],
          "duration": 0,
          "root": false,
          "rootEmpty": false,
          "_timeout": 10000
        }
      ],
      "passes": [],
      "failures": [],
      "pending": [],
      "skipped": [],
      "duration": 0,
      "root": true,
      "rootEmpty": true,
      "_timeout": 10000
    }
  ],
  "meta": {
    "mocha": {
      "version": "10.1.0"
    },
    "mochawesome": {
      "options": {
        "quiet": false,
        "reportFilename": "mochawesome",
        "saveHtml": true,
        "saveJson": true,
        "consoleReporter": "spec",
        "useInlineDiffs": false,
        "code": true
      },
      "version": "7.1.3"
    },
    "marge": {
      "options": null,
      "version": "6.2.0"
    }
  }
}