<?xml version="1.0" encoding="UTF-8"?>
<coverage generated="1666201926743" clover="3.2.0">
  <project timestamp="1666201926743" name="All files">
    <metrics statements="25" coveredstatements="23" conditionals="6" coveredconditionals="3" methods="10" coveredmethods="10" elements="41" coveredelements="36" complexity="0" loc="25" ncloc="25" packages="2" files="2" classes="2"/>
    <package name="Queries">
      <metrics statements="21" coveredstatements="19" conditionals="6" coveredconditionals="3" methods="9" coveredmethods="9"/>
      <file name="service.js" path="C:\Users\LENOVO\Desktop\se2 project(officer)\backend\Queries\service.js">
        <metrics statements="21" coveredstatements="19" conditionals="6" coveredconditionals="3" methods="9" coveredmethods="9"/>
        <line num="3" count="1" type="stmt"/>
        <line num="4" count="1" type="stmt"/>
        <line num="5" count="1" type="cond" truecount="1" falsecount="1"/>
        <line num="7" count="1" type="stmt"/>
        <line num="8" count="1" type="stmt"/>
        <line num="9" count="1" type="stmt"/>
        <line num="10" count="1" type="stmt"/>
        <line num="11" count="1" type="cond" truecount="1" falsecount="1"/>
        <line num="12" count="0" type="stmt"/>
        <line num="14" count="2" type="stmt"/>
        <line num="15" count="1" type="stmt"/>
        <line num="16" count="1" type="stmt"/>
        <line num="22" count="1" type="stmt"/>
        <line num="23" count="1" type="stmt"/>
        <line num="24" count="1" type="stmt"/>
        <line num="36" count="1" type="stmt"/>
        <line num="37" count="1" type="cond" truecount="1" falsecount="1"/>
        <line num="38" count="0" type="stmt"/>
        <line num="40" count="1" type="stmt"/>
        <line num="41" count="1" type="stmt"/>
        <line num="42" count="1" type="stmt"/>
      </file>
    </package>
    <package name="Services">
      <metrics statements="4" coveredstatements="4" conditionals="0" coveredconditionals="0" methods="1" coveredmethods="1"/>
      <file name="service.js" path="C:\Users\LENOVO\Desktop\se2 project(officer)\backend\Services\service.js">
        <metrics statements="4" coveredstatements="4" conditionals="0" coveredconditionals="0" methods="1" coveredmethods="1"/>
        <line num="4" count="6" type="stmt"/>
        <line num="5" count="6" type="stmt"/>
        <line num="6" count="6" type="stmt"/>
        <line num="9" count="1" type="stmt"/>
      </file>
    </package>
  </project>
</coverage>
