<?xml version="1.0" encoding="UTF-8"?>
<coverage generated="1666229529116" clover="3.2.0">
  <project timestamp="1666229529116" name="All files">
    <metrics statements="14" coveredstatements="13" conditionals="4" coveredconditionals="2" methods="6" coveredmethods="6" elements="24" coveredelements="21" complexity="0" loc="14" ncloc="14" packages="2" files="2" classes="2"/>
    <package name="Queries">
      <metrics statements="11" coveredstatements="10" conditionals="4" coveredconditionals="2" methods="5" coveredmethods="5"/>
      <file name="counter.js" path="C:\Users\LENOVO\Desktop\se2 project\backend\Queries\counter.js">
        <metrics statements="11" coveredstatements="10" conditionals="4" coveredconditionals="2" methods="5" coveredmethods="5"/>
        <line num="3" count="1" type="stmt"/>
        <line num="4" count="1" type="stmt"/>
        <line num="5" count="1" type="cond" truecount="1" falsecount="1"/>
        <line num="7" count="1" type="stmt"/>
        <line num="8" count="1" type="stmt"/>
        <line num="9" count="1" type="stmt"/>
        <line num="10" count="1" type="stmt"/>
        <line num="11" count="1" type="cond" truecount="1" falsecount="1"/>
        <line num="12" count="0" type="stmt"/>
        <line num="14" count="3" type="stmt"/>
        <line num="15" count="1" type="stmt"/>
      </file>
    </package>
    <package name="Services">
      <metrics statements="3" coveredstatements="3" conditionals="0" coveredconditionals="0" methods="1" coveredmethods="1"/>
      <file name="counter.js" path="C:\Users\LENOVO\Desktop\se2 project\backend\Services\counter.js">
        <metrics statements="3" coveredstatements="3" conditionals="0" coveredconditionals="0" methods="1" coveredmethods="1"/>
        <line num="4" count="5" type="stmt"/>
        <line num="5" count="5" type="stmt"/>
        <line num="8" count="1" type="stmt"/>
      </file>
    </package>
  </project>
</coverage>
