{"C:\\Users\\LENOVO\\Desktop\\se2 project(officer)\\backend\\Queries\\service.js": {"path":"C:\\Users\\LENOVO\\Desktop\\se2 project(officer)\\backend\\Queries\\service.js","statementMap":{"0":{"start":{"line":3,"column":20},"end":{"line":3,"column":50}},"1":{"start":{"line":4,"column":15},"end":{"line":4,"column":33}},"2":{"start":{"line":5,"column":11},"end":{"line":5,"column":75}},"3":{"start":{"line":5,"column":54},"end":{"line":5,"column":73}},"4":{"start":{"line":5,"column":63},"end":{"line":5,"column":73}},"5":{"start":{"line":7,"column":0},"end":{"line":20,"column":1}},"6":{"start":{"line":8,"column":4},"end":{"line":19,"column":7}},"7":{"start":{"line":9,"column":20},"end":{"line":9,"column":43}},"8":{"start":{"line":10,"column":8},"end":{"line":18,"column":11}},"9":{"start":{"line":11,"column":12},"end":{"line":17,"column":13}},"10":{"start":{"line":12,"column":16},"end":{"line":12,"column":28}},"11":{"start":{"line":14,"column":33},"end":{"line":14,"column":100}},"12":{"start":{"line":14,"column":49},"end":{"line":14,"column":99}},"13":{"start":{"line":15,"column":16},"end":{"line":15,"column":37}},"14":{"start":{"line":16,"column":16},"end":{"line":16,"column":34}},"15":{"start":{"line":22,"column":0},"end":{"line":46,"column":1}},"16":{"start":{"line":23,"column":4},"end":{"line":45,"column":7}},"17":{"start":{"line":24,"column":20},"end":{"line":35,"column":69}},"18":{"start":{"line":36,"column":8},"end":{"line":44,"column":11}},"19":{"start":{"line":37,"column":12},"end":{"line":43,"column":13}},"20":{"start":{"line":38,"column":16},"end":{"line":38,"column":28}},"21":{"start":{"line":40,"column":33},"end":{"line":40,"column":100}},"22":{"start":{"line":40,"column":49},"end":{"line":40,"column":99}},"23":{"start":{"line":41,"column":16},"end":{"line":41,"column":37}},"24":{"start":{"line":42,"column":16},"end":{"line":42,"column":34}}},"fnMap":{"0":{"name":"(anonymous_0)","decl":{"start":{"line":5,"column":45},"end":{"line":5,"column":46}},"loc":{"start":{"line":5,"column":52},"end":{"line":5,"column":74}},"line":5},"1":{"name":"(anonymous_1)","decl":{"start":{"line":7,"column":22},"end":{"line":7,"column":23}},"loc":{"start":{"line":7,"column":28},"end":{"line":20,"column":1}},"line":7},"2":{"name":"(anonymous_2)","decl":{"start":{"line":8,"column":23},"end":{"line":8,"column":24}},"loc":{"start":{"line":8,"column":44},"end":{"line":19,"column":5}},"line":8},"3":{"name":"(anonymous_3)","decl":{"start":{"line":10,"column":24},"end":{"line":10,"column":25}},"loc":{"start":{"line":10,"column":39},"end":{"line":18,"column":9}},"line":10},"4":{"name":"(anonymous_4)","decl":{"start":{"line":14,"column":42},"end":{"line":14,"column":43}},"loc":{"start":{"line":14,"column":49},"end":{"line":14,"column":99}},"line":14},"5":{"name":"(anonymous_5)","decl":{"start":{"line":22,"column":32},"end":{"line":22,"column":33}},"loc":{"start":{"line":22,"column":48},"end":{"line":46,"column":1}},"line":22},"6":{"name":"(anonymous_6)","decl":{"start":{"line":23,"column":23},"end":{"line":23,"column":24}},"loc":{"start":{"line":23,"column":44},"end":{"line":45,"column":5}},"line":23},"7":{"name":"(anonymous_7)","decl":{"start":{"line":36,"column":34},"end":{"line":36,"column":35}},"loc":{"start":{"line":36,"column":49},"end":{"line":44,"column":9}},"line":36},"8":{"name":"(anonymous_8)","decl":{"start":{"line":40,"column":42},"end":{"line":40,"column":43}},"loc":{"start":{"line":40,"column":49},"end":{"line":40,"column":99}},"line":40}},"branchMap":{"0":{"loc":{"start":{"line":5,"column":54},"end":{"line":5,"column":73}},"type":"if","locations":[{"start":{"line":5,"column":54},"end":{"line":5,"column":73}},{"start":{},"end":{}}],"line":5},"1":{"loc":{"start":{"line":11,"column":12},"end":{"line":17,"column":13}},"type":"if","locations":[{"start":{"line":11,"column":12},"end":{"line":17,"column":13}},{"start":{"line":13,"column":17},"end":{"line":17,"column":13}}],"line":11},"2":{"loc":{"start":{"line":37,"column":12},"end":{"line":43,"column":13}},"type":"if","locations":[{"start":{"line":37,"column":12},"end":{"line":43,"column":13}},{"start":{"line":39,"column":17},"end":{"line":43,"column":13}}],"line":37}},"s":{"0":1,"1":1,"2":1,"3":1,"4":0,"5":1,"6":1,"7":1,"8":1,"9":1,"10":0,"11":1,"12":2,"13":1,"14":1,"15":1,"16":1,"17":1,"18":1,"19":1,"20":0,"21":1,"22":1,"23":1,"24":1},"f":{"0":1,"1":1,"2":1,"3":1,"4":2,"5":1,"6":1,"7":1,"8":1},"b":{"0":[0,1],"1":[0,1],"2":[0,1]},"_coverageSchema":"1a1c01bbd47fc00a2c39e90264f33305004495a9","hash":"b2e0606bfb077fb93d80e513ee9a338a504bf9df"}
,"C:\\Users\\LENOVO\\Desktop\\se2 project(officer)\\backend\\Services\\service.js": {"path":"C:\\Users\\LENOVO\\Desktop\\se2 project(officer)\\backend\\Services\\service.js","statementMap":{"0":{"start":{"line":4,"column":4},"end":{"line":4,"column":21}},"1":{"start":{"line":5,"column":4},"end":{"line":5,"column":21}},"2":{"start":{"line":6,"column":4},"end":{"line":6,"column":39}},"3":{"start":{"line":9,"column":0},"end":{"line":9,"column":26}}},"fnMap":{"0":{"name":"Service","decl":{"start":{"line":3,"column":9},"end":{"line":3,"column":16}},"loc":{"start":{"line":3,"column":45},"end":{"line":7,"column":1}},"line":3}},"branchMap":{},"s":{"0":6,"1":6,"2":6,"3":1},"f":{"0":6},"b":{},"_coverageSchema":"1a1c01bbd47fc00a2c39e90264f33305004495a9","hash":"08ff8b24367027ac6e5f3b6e6153962b326d337f"}
}
