{"C:\\Users\\LENOVO\\Desktop\\se2 project\\backend\\Queries\\counter.js": {"path":"C:\\Users\\LENOVO\\Desktop\\se2 project\\backend\\Queries\\counter.js","statementMap":{"0":{"start":{"line":3,"column":20},"end":{"line":3,"column":50}},"1":{"start":{"line":4,"column":15},"end":{"line":4,"column":33}},"2":{"start":{"line":5,"column":11},"end":{"line":5,"column":75}},"3":{"start":{"line":5,"column":54},"end":{"line":5,"column":73}},"4":{"start":{"line":5,"column":63},"end":{"line":5,"column":73}},"5":{"start":{"line":7,"column":0},"end":{"line":19,"column":1}},"6":{"start":{"line":8,"column":4},"end":{"line":18,"column":7}},"7":{"start":{"line":9,"column":20},"end":{"line":9,"column":53}},"8":{"start":{"line":10,"column":8},"end":{"line":17,"column":11}},"9":{"start":{"line":11,"column":12},"end":{"line":16,"column":13}},"10":{"start":{"line":12,"column":16},"end":{"line":12,"column":28}},"11":{"start":{"line":14,"column":33},"end":{"line":14,"column":95}},"12":{"start":{"line":14,"column":49},"end":{"line":14,"column":94}},"13":{"start":{"line":15,"column":16},"end":{"line":15,"column":34}}},"fnMap":{"0":{"name":"(anonymous_0)","decl":{"start":{"line":5,"column":45},"end":{"line":5,"column":46}},"loc":{"start":{"line":5,"column":52},"end":{"line":5,"column":74}},"line":5},"1":{"name":"(anonymous_1)","decl":{"start":{"line":7,"column":22},"end":{"line":7,"column":23}},"loc":{"start":{"line":7,"column":28},"end":{"line":19,"column":1}},"line":7},"2":{"name":"(anonymous_2)","decl":{"start":{"line":8,"column":23},"end":{"line":8,"column":24}},"loc":{"start":{"line":8,"column":44},"end":{"line":18,"column":5}},"line":8},"3":{"name":"(anonymous_3)","decl":{"start":{"line":10,"column":24},"end":{"line":10,"column":25}},"loc":{"start":{"line":10,"column":39},"end":{"line":17,"column":9}},"line":10},"4":{"name":"(anonymous_4)","decl":{"start":{"line":14,"column":42},"end":{"line":14,"column":43}},"loc":{"start":{"line":14,"column":49},"end":{"line":14,"column":94}},"line":14}},"branchMap":{"0":{"loc":{"start":{"line":5,"column":54},"end":{"line":5,"column":73}},"type":"if","locations":[{"start":{"line":5,"column":54},"end":{"line":5,"column":73}},{"start":{},"end":{}}],"line":5},"1":{"loc":{"start":{"line":11,"column":12},"end":{"line":16,"column":13}},"type":"if","locations":[{"start":{"line":11,"column":12},"end":{"line":16,"column":13}},{"start":{"line":13,"column":17},"end":{"line":16,"column":13}}],"line":11}},"s":{"0":1,"1":1,"2":1,"3":1,"4":0,"5":1,"6":1,"7":1,"8":1,"9":1,"10":0,"11":1,"12":3,"13":1},"f":{"0":1,"1":1,"2":1,"3":1,"4":3},"b":{"0":[0,1],"1":[0,1]},"_coverageSchema":"1a1c01bbd47fc00a2c39e90264f33305004495a9","hash":"9c3b4773fdc754e738870d9af425f04915783662"}
,"C:\\Users\\LENOVO\\Desktop\\se2 project\\backend\\Services\\counter.js": {"path":"C:\\Users\\LENOVO\\Desktop\\se2 project\\backend\\Services\\counter.js","statementMap":{"0":{"start":{"line":4,"column":4},"end":{"line":4,"column":17}},"1":{"start":{"line":5,"column":4},"end":{"line":5,"column":37}},"2":{"start":{"line":8,"column":0},"end":{"line":8,"column":26}}},"fnMap":{"0":{"name":"Counter","decl":{"start":{"line":3,"column":9},"end":{"line":3,"column":16}},"loc":{"start":{"line":3,"column":36},"end":{"line":6,"column":1}},"line":3}},"branchMap":{},"s":{"0":5,"1":5,"2":1},"f":{"0":5},"b":{},"_coverageSchema":"1a1c01bbd47fc00a2c39e90264f33305004495a9","hash":"f5002a10e4232db78c8311ed42b15304aa84dce1"}
}
