TN:
SF:Queries\counter.js
FN:5,(anonymous_0)
FN:7,(anonymous_1)
FN:8,(anonymous_2)
FN:10,(anonymous_3)
FN:14,(anonymous_4)
FNF:5
FNH:5
FNDA:1,(anonymous_0)
FNDA:1,(anonymous_1)
FNDA:1,(anonymous_2)
FNDA:1,(anonymous_3)
FNDA:3,(anonymous_4)
DA:3,1
DA:4,1
DA:5,1
DA:7,1
DA:8,1
DA:9,1
DA:10,1
DA:11,1
DA:12,0
DA:14,3
DA:15,1
LF:11
LH:10
BRDA:5,0,0,0
BRDA:5,0,1,1
BRDA:11,1,0,0
BRDA:11,1,1,1
BRF:4
BRH:2
end_of_record
TN:
SF:Services\counter.js
FN:3,Counter
FNF:1
FNH:1
FNDA:5,Counter
DA:4,5
DA:5,5
DA:8,1
LF:3
LH:3
BRF:0
BRH:0
end_of_record
