TN:
SF:Queries\service.js
FN:5,(anonymous_0)
FN:7,(anonymous_1)
FN:8,(anonymous_2)
FN:10,(anonymous_3)
FN:14,(anonymous_4)
FN:22,(anonymous_5)
FN:23,(anonymous_6)
FN:36,(anonymous_7)
FN:40,(anonymous_8)
FNF:9
FNH:9
FNDA:1,(anonymous_0)
FNDA:1,(anonymous_1)
FNDA:1,(anonymous_2)
FNDA:1,(anonymous_3)
FNDA:2,(anonymous_4)
FNDA:1,(anonymous_5)
FNDA:1,(anonymous_6)
FNDA:1,(anonymous_7)
FNDA:1,(anonymous_8)
DA:3,1
DA:4,1
DA:5,1
DA:7,1
DA:8,1
DA:9,1
DA:10,1
DA:11,1
DA:12,0
DA:14,2
DA:15,1
DA:16,1
DA:22,1
DA:23,1
DA:24,1
DA:36,1
DA:37,1
DA:38,0
DA:40,1
DA:41,1
DA:42,1
LF:21
LH:19
BRDA:5,0,0,0
BRDA:5,0,1,1
BRDA:11,1,0,0
BRDA:11,1,1,1
BRDA:37,2,0,0
BRDA:37,2,1,1
BRF:6
BRH:3
end_of_record
TN:
SF:Services\service.js
FN:3,Service
FNF:1
FNH:1
FNDA:6,Service
DA:4,6
DA:5,6
DA:6,6
DA:9,1
LF:4
LH:4
BRF:0
BRH:0
end_of_record
